1419986431|/course_2/index.php|http://www.mysite.local/course_2/
1419986438|/course_2/index.php|http://www.mysite.local/course_2/index.php
1419986439|/course_2/index.php?id=info|http://www.mysite.local/course_2/index.php
1419986440|/course_2/index.php?id=log|http://www.mysite.local/course_2/index.php?id=info
1419986469|/course_2/index.php?id=log|http://www.mysite.local/course_2/index.php?id=info
1420021810|/course_2/index.php|http://www.mysite.local/course_2/
1420021812|/course_2/index.php?id=contact|http://www.mysite.local/course_2/index.php
1420021877|/course_2/index.php?id=contact|http://www.mysite.local/course_2/index.php
1420021890|/course_2/index.php?id=contact|http://www.mysite.local/course_2/index.php?id=contact
1420021968|/course_2/index.php?id=contact|http://www.mysite.local/course_2/index.php?id=contact
1420021973|/course_2/index.php|http://www.mysite.local/course_2/
1420021987|/course_2/index.php|http://www.mysite.local/course_2/
1420021989|/course_2/index.php?id=contact|http://www.mysite.local/course_2/index.php
1420021996|/course_2/index.php?id=contact|http://www.mysite.local/course_2/index.php?id=contact
1420022151|/course_2/index.php|http://www.mysite.local/course_2/
1420022153|/course_2/index.php?id=contact|http://www.mysite.local/course_2/index.php
1420022157|/course_2/index.php?id=contact|http://www.mysite.local/course_2/index.php?id=contact
1420053244|/course_2/index.php|http://www.mysite.local/course_2/
1420053246|/course_2/index.php?id=contact|http://www.mysite.local/course_2/index.php
1420053261|/course_2/index.php?id=contact|http://www.mysite.local/course_2/index.php?id=contact
1420053354|/course_2/index.php|http://www.mysite.local/course_2/
1420053356|/course_2/index.php?id=contact|http://www.mysite.local/course_2/index.php
1420053367|/course_2/index.php?id=contact|http://www.mysite.local/course_2/index.php?id=contact
1420053621|/course_2/index.php?id=contact|http://www.mysite.local/course_2/index.php?id=contact
1420053679|/course_2/index.php?id=contact|http://www.mysite.local/course_2/index.php?id=contact
1420107539|/course_2/index.php|http://www.mysite.local/course_2/
1420107691|/course_2/index.php?id=contact|http://www.mysite.local/course_2/index.php
1420107700|/course_2/index.php?id=contact|http://www.mysite.local/course_2/index.php?id=contact
1459868529|/course_2/|http://mysite.local/
1470214822|/course_2/|http://mysite.local/
1470214921|/course_2/index.php?id=log|http://mysite.local/course_2/
1470214924|/course_2/index.php?id=info|http://mysite.local/course_2/index.php?id=log
1470316981|/course_2/|http://mysite.local/
1470436111|/course_2/|http://mysite.local/
1470498821|/course_2/|http://mysite.local/
1470616825|/course_2/|http://mysite.local/
1470616830|/course_2/index.php?id=about|http://mysite.local/course_2/
1497615598|/course_2/|http://mysite.local/
1497615624|/course_2/index.php?id=contact|http://mysite.local/course_2/
1497615629|/course_2/index.php?id=contact|http://mysite.local/course_2/index.php?id=contact
1497615645|/course_2/|
1497615649|/course_2/index.php?id=gbook|http://mysite.local/course_2/
1497615685|/course_2/index.php?id=gbook|http://mysite.local/course_2/
1497615688|/course_2/index.php?id=gbook|http://mysite.local/course_2/
1497615700|/course_2/index.php?id=info|http://mysite.local/course_2/
1497615808|/course_2/index1.php|http://mysite.local/course_2/
1497615831|/course_2/index1.php|
1497615928|/course_2/|http://mysite.local/course_2/demo/
1497615945|/course_2/index.php?id=log|http://mysite.local/course_2/
1497615949|/course_2/index.php?id=gbook|http://mysite.local/course_2/index.php?id=log
1497616237|/course_2/|
1497616240|/course_2/index.php?id=gbook|http://mysite.local/course_2/
1497616253|/course_2/index.php?id=gbook|http://mysite.local/course_2/index.php?id=gbook
1497616427|/course_2/index.php?id=gbook|http://mysite.local/course_2/
1497616434|/course_2/index.php?id=gbook|http://mysite.local/course_2/
1497616443|/course_2/index.php?id=gbook|http://mysite.local/course_2/
1497616451|/course_2/index.php?id=gbook|http://mysite.local/course_2/index.php?id=gbook
1497616458|/course_2/index.php?id=gbook|http://mysite.local/course_2/
1497626665|/course_2/|
1497701102|/course_2/|http://mysite.local/
1497701141|/course_2/index.php|http://mysite.local/course_2/
1497701142|/course_2/index.php?id=contact|http://mysite.local/course_2/index.php
1497701144|/course_2/index.php?id=about|http://mysite.local/course_2/index.php?id=contact
1497701147|/course_2/index.php?id=info|http://mysite.local/course_2/index.php?id=about
1497701162|/course_2/index.php|http://mysite.local/course_2/index.php?id=info
1497702485|/course_2/index.php?id=contact|http://mysite.local/course_2/index.php
1497702764|/course_2/index.php?id=about|http://mysite.local/course_2/index.php?id=contact
1497703307|/course_2/index.php?id=info|http://mysite.local/course_2/index.php?id=about
1497703520|/course_2/index.php?id=about|http://mysite.local/course_2/index.php?id=info
1497734815|/course_2/|http://mysite.local/
1497734884|/course_2/index.php|http://mysite.local/course_2/test/index.php
1497735275|/course_2/index.php|http://mysite.local/course_2/test/index.php
1497735298|/course_2/index.php|http://mysite.local/course_2/test/index.php
1497735747|/course_2/index.php|http://mysite.local/course_2/test/index.php
1497735760|/course_2/index.php?id=contact|http://mysite.local/course_2/index.php
1497735762|/course_2/index.php?id=about|http://mysite.local/course_2/index.php?id=contact
1497735763|/course_2/index.php?id=contact|http://mysite.local/course_2/index.php?id=about
1497735765|/course_2/index.php?id=contact|http://mysite.local/course_2/index.php?id=contact
1497735768|/course_2/index.php?id=info|http://mysite.local/course_2/index.php?id=contact
1497735771|/course_2/index.php|http://mysite.local/course_2/test/index.php
1497735773|/course_2/index.php?id=log|http://mysite.local/course_2/index.php
1497735779|/course_2/index.php?id=gbook|http://mysite.local/course_2/index.php?id=log
1497735816|/course_2/|
1497735818|/course_2/index.php?id=gbook|http://mysite.local/course_2/
1497737014|/course_2/index.php?id=gbook|http://mysite.local/course_2/
1497737030|/course_2/index.php?id=gbook|http://mysite.local/course_2/index.php?id=gbook
1497737030|/course_2/index.php?id=gbook|http://mysite.local/course_2/index.php?id=gbook
1497737034|/course_2/index.php?id=gbook&del=1|http://mysite.local/course_2/index.php?id=gbook
1497737034|/course_2/index.php?id=gbook|http://mysite.local/course_2/index.php?id=gbook
1497906847|/course_2/|http://mysite.local/
1499608248|/course_2/|http://mysite.local/
1499609181|/course_2/|http://mysite.local/
1507896011|/course_2/|http://mysite.local/
1507896024|/course_2/index.php?id=contact|http://mysite.local/course_2/
1507896026|/course_2/index.php?id=info|http://mysite.local/course_2/index.php?id=contact
1507915205|/course_2/index.php?id=log|http://mysite.local/course_2/index.php?id=info
1507915206|/course_2/index.php?id=contact|http://mysite.local/course_2/index.php?id=log
1507915208|/course_2/index.php|http://mysite.local/course_2/index.php?id=contact
1508611182|/course_2/|http://mysite.local/
1508666484|/course_2/|http://mysite.local/
1509913095|/course_2/|http://mysite.local/
1509913424|/course_2/index.php?id=info|http://mysite.local/course_2/
1512747810|/course_2/|http://mysite.local/
1514427231|/course_2/|http://mysite.local/
1516890253|/course_2/|http://mysite.local/
1517151031|/course_2/|http://mysite.local/
1518296579|/course_2/|http://mysite.local/
